<?xml version="1.0" encoding="UTF-8"?>
<!-- Generated by org.testng.reporters.JUnitReportReporter -->
<testsuite skipped="0" hostname="RSLPTP1013" name="com.reqres.testcases.GET_ListUsers" tests="4" failures="0" timestamp="19 Apr 2020 15:36:09 GMT" time="6.270" errors="0">
  <testcase name="getStatusCode" time="2.760" classname="com.reqres.testcases.GET_ListUsers"/>
  <testcase name="extractNodesFromBody" time="1.385" classname="com.reqres.testcases.GET_ListUsers"/>
  <testcase name="getBody" time="1.052" classname="com.reqres.testcases.GET_ListUsers"/>
  <testcase name="getHeader" time="1.073" classname="com.reqres.testcases.GET_ListUsers"/>
</testsuite> <!-- com.reqres.testcases.GET_ListUsers -->
