<?xml version="1.0" encoding="UTF-8"?>
<!-- Generated by org.testng.reporters.JUnitReportReporter -->
<testsuite skipped="0" hostname="RSLPTP1013" name="com.reqres.testcases.POST_CreateUser" tests="2" failures="0" timestamp="19 Apr 2020 15:36:09 GMT" time="2.160" errors="0">
  <testcase name="getBody" time="1.113" classname="com.reqres.testcases.POST_CreateUser"/>
  <testcase name="getStatusCode" time="1.047" classname="com.reqres.testcases.POST_CreateUser"/>
</testsuite> <!-- com.reqres.testcases.POST_CreateUser -->
